openvpn/build/intermediates/manifest_merge_blame_file/skeletonOvpn2Debug/processSkeletonOvpn2DebugMainManifest/manifest-merger-blame-skeleton-ovpn2-debug-report.txt
1<?xml version="1.0" encoding="utf-8"?>
2<!--
3  ~ Copyright (c) 2012-2019 Arne Schwabe
4  ~ Distributed under the GNU GPL v2 with additional terms. For full terms see the file doc/LICENSE.txt
5-->
6<manifest xmlns:android="http://schemas.android.com/apk/res/android"
7    package="de.blinkt.openvpn"
8    android:versionCode="218"
9    android:versionName="0.7.63-o2" >
10
11    <uses-sdk
12        android:minSdkVersion="21"
13        android:targetSdkVersion="36" />
14
15    <uses-permission android:name="android.permission.INTERNET" />
15-->src/main/AndroidManifest.xml:5:5-67
15-->src/main/AndroidManifest.xml:5:22-64
16    <uses-permission android:name="android.permission.ACCESS_NETWORK_STATE" />
16-->src/main/AndroidManifest.xml:6:5-79
16-->src/main/AndroidManifest.xml:6:22-76
17    <uses-permission android:name="android.permission.RECEIVE_BOOT_COMPLETED" />
17-->src/main/AndroidManifest.xml:7:5-81
17-->src/main/AndroidManifest.xml:7:22-78
18    <uses-permission android:name="android.permission.READ_EXTERNAL_STORAGE" />
18-->src/main/AndroidManifest.xml:8:5-80
18-->src/main/AndroidManifest.xml:8:22-77
19    <uses-permission android:name="android.permission.FOREGROUND_SERVICE" />
19-->src/main/AndroidManifest.xml:9:5-77
19-->src/main/AndroidManifest.xml:9:22-74
20    <uses-permission android:name="android.permission.POST_NOTIFICATIONS" />
20-->src/main/AndroidManifest.xml:10:5-77
20-->src/main/AndroidManifest.xml:10:22-74
21    <uses-permission android:name="android.permission.FOREGROUND_SERVICE_SPECIAL_USE" />
21-->src/main/AndroidManifest.xml:11:5-89
21-->src/main/AndroidManifest.xml:11:22-86
22    <!--
23 Used to show all apps in the allowed Apps selection,
24         this app needs the list the app in the allow/deny apps over the VPN
25    -->
26    <uses-permission android:name="android.permission.QUERY_ALL_PACKAGES" />
26-->src/main/AndroidManifest.xml:15:5-16:57
26-->src/main/AndroidManifest.xml:15:22-74
27
28    <permission
28-->[androidx.core:core:1.17.0] AndroidManifest.xml:22:5-24:47
29        android:name="de.blinkt.openvpn.DYNAMIC_RECEIVER_NOT_EXPORTED_PERMISSION"
29-->[androidx.core:core:1.17.0] AndroidManifest.xml:23:9-81
30        android:protectionLevel="signature" />
30-->[androidx.core:core:1.17.0] AndroidManifest.xml:24:9-44
31
32    <uses-permission android:name="de.blinkt.openvpn.DYNAMIC_RECEIVER_NOT_EXPORTED_PERMISSION" />
32-->[androidx.core:core:1.17.0] AndroidManifest.xml:26:5-97
32-->[androidx.core:core:1.17.0] AndroidManifest.xml:26:22-94
33
34    <application
34-->src/main/AndroidManifest.xml:19:5-143:19
35        android:name="de.blinkt.openvpn.core.ICSOpenVPNApplication"
35-->src/main/AndroidManifest.xml:20:9-51
36        android:allowBackup="true"
36-->src/main/AndroidManifest.xml:21:9-35
37        android:appCategory="productivity"
37-->src/main/AndroidManifest.xml:22:9-43
38        android:appComponentFactory="androidx.core.app.CoreComponentFactory"
38-->[androidx.core:core:1.17.0] AndroidManifest.xml:28:18-86
39        android:debuggable="true"
40        android:extractNativeLibs="true"
41        android:icon="@mipmap/ic_launcher"
41-->src/main/AndroidManifest.xml:23:9-43
42        android:label="@string/app"
42-->src/main/AndroidManifest.xml:25:9-36
43        android:roundIcon="@mipmap/ic_launcher_round"
43-->src/main/AndroidManifest.xml:24:9-54
44        android:supportsRtl="true"
44-->src/main/AndroidManifest.xml:26:9-35
45        android:theme="@style/blinkt" >
45-->src/main/AndroidManifest.xml:27:9-38
46        <activity
46-->src/skeleton/AndroidManifest.xml:10:9-13:47
47            android:name="de.blinkt.openvpn.activities.NotImplemented"
47-->src/skeleton/AndroidManifest.xml:12:13-54
48            android:exported="true" />
48-->src/skeleton/AndroidManifest.xml:11:17-40
49
50        <activity-alias
50-->src/skeleton/AndroidManifest.xml:21:9-25:19
51            android:name="de.blinkt.openvpn.activities.Req"
51-->src/skeleton/AndroidManifest.xml:23:17-47
52            android:exported="true"
52-->src/skeleton/AndroidManifest.xml:22:17-40
53            android:targetActivity="de.blinkt.openvpn.activities.NotImplemented" />
53-->src/skeleton/AndroidManifest.xml:24:17-68
54        <activity-alias
54-->src/skeleton/AndroidManifest.xml:15:9-19:15
55            android:name="de.blinkt.openvpn.activities.LogWindow"
55-->src/skeleton/AndroidManifest.xml:17:17-53
56            android:exported="true"
56-->src/skeleton/AndroidManifest.xml:16:17-40
57            android:targetActivity="de.blinkt.openvpn.activities.NotImplemented" />
57-->src/skeleton/AndroidManifest.xml:18:17-68
58
59        <meta-data
59-->src/main/AndroidManifest.xml:29:9-31:56
60            android:name="android.content.APP_RESTRICTIONS"
60-->src/main/AndroidManifest.xml:30:13-60
61            android:resource="@xml/app_restrictions" />
61-->src/main/AndroidManifest.xml:31:13-53
62
63        <activity
63-->src/main/AndroidManifest.xml:33:9-39:52
64            android:name="de.blinkt.openvpn.activities.DisconnectVPN"
64-->src/main/AndroidManifest.xml:34:13-53
65            android:autoRemoveFromRecents="true"
65-->src/main/AndroidManifest.xml:35:13-49
66            android:excludeFromRecents="true"
66-->src/main/AndroidManifest.xml:36:13-46
67            android:noHistory="true"
67-->src/main/AndroidManifest.xml:37:13-37
68            android:taskAffinity=".DisconnectVPN"
68-->src/main/AndroidManifest.xml:38:13-50
69            android:theme="@style/blinkt.dialog" />
69-->src/main/AndroidManifest.xml:39:13-49
70
71        <service
71-->src/main/AndroidManifest.xml:42:9-53:19
72            android:name="de.blinkt.openvpn.core.OpenVPNService"
72-->src/main/AndroidManifest.xml:43:13-48
73            android:exported="true"
73-->src/main/AndroidManifest.xml:44:13-36
74            android:foregroundServiceType="specialUse"
74-->src/main/AndroidManifest.xml:46:13-55
75            android:permission="android.permission.BIND_VPN_SERVICE"
75-->src/main/AndroidManifest.xml:45:13-69
76            android:process=":openvpn" >
76-->src/main/AndroidManifest.xml:47:13-39
77            <intent-filter>
77-->src/main/AndroidManifest.xml:48:13-50:29
78                <action android:name="android.net.VpnService" />
78-->src/main/AndroidManifest.xml:49:17-65
78-->src/main/AndroidManifest.xml:49:25-62
79            </intent-filter>
80
81            <property
81-->src/main/AndroidManifest.xml:51:13-104
82                android:name="android.app.PROPERTY_SPECIAL_USE_FGS_SUBTYPE"
82-->src/main/AndroidManifest.xml:51:23-82
83                android:value="vpn" />
83-->src/main/AndroidManifest.xml:51:83-102
84        </service>
85        <service
85-->src/main/AndroidManifest.xml:54:9-62:19
86            android:name="de.blinkt.openvpn.api.ExternalOpenVPNService"
86-->src/main/AndroidManifest.xml:55:13-55
87            android:exported="true"
87-->src/main/AndroidManifest.xml:57:13-36
88            android:process=":openvpn" >
88-->src/main/AndroidManifest.xml:56:13-39
89            <intent-filter>
89-->src/main/AndroidManifest.xml:59:13-61:29
90                <action android:name="de.blinkt.openvpn.api.IOpenVPNAPIService" />
90-->src/main/AndroidManifest.xml:60:17-83
90-->src/main/AndroidManifest.xml:60:25-80
91            </intent-filter>
92        </service>
93        <service
93-->src/main/AndroidManifest.xml:63:9-66:42
94            android:name="de.blinkt.openvpn.core.OpenVPNStatusService"
94-->src/main/AndroidManifest.xml:64:13-54
95            android:exported="false"
95-->src/main/AndroidManifest.xml:65:13-37
96            android:process=":openvpn" />
96-->src/main/AndroidManifest.xml:66:13-39
97
98        <activity
98-->src/main/AndroidManifest.xml:68:9-73:20
99            android:name="de.blinkt.openvpn.api.GrantPermissionsActivity"
99-->src/main/AndroidManifest.xml:68:19-63
100            android:exported="true" >
100-->src/main/AndroidManifest.xml:69:17-40
101            <intent-filter>
101-->src/main/AndroidManifest.xml:70:13-72:29
102                <action android:name="android.intent.action.MAIN" />
102-->src/main/AndroidManifest.xml:71:17-69
102-->src/main/AndroidManifest.xml:71:25-66
103            </intent-filter>
104        </activity>
105        <activity
105-->src/main/AndroidManifest.xml:74:9-79:20
106            android:name="de.blinkt.openvpn.api.ConfirmDialog"
106-->src/main/AndroidManifest.xml:74:19-52
107            android:exported="true" >
107-->src/main/AndroidManifest.xml:75:17-40
108            <intent-filter>
108-->src/main/AndroidManifest.xml:70:13-72:29
109                <action android:name="android.intent.action.MAIN" />
109-->src/main/AndroidManifest.xml:71:17-69
109-->src/main/AndroidManifest.xml:71:25-66
110            </intent-filter>
111        </activity>
112
113        <receiver
113-->src/main/AndroidManifest.xml:81:9-87:20
114            android:name="de.blinkt.openvpn.OnBootReceiver"
114-->src/main/AndroidManifest.xml:81:19-49
115            android:exported="true" >
115-->src/main/AndroidManifest.xml:82:17-40
116            <intent-filter android:priority="999" >
116-->src/main/AndroidManifest.xml:83:13-86:29
116-->src/main/AndroidManifest.xml:83:28-50
117                <action android:name="android.intent.action.BOOT_COMPLETED" />
117-->src/main/AndroidManifest.xml:84:17-79
117-->src/main/AndroidManifest.xml:84:25-76
118                <action android:name="android.intent.action.MY_PACKAGE_REPLACED" />
118-->src/main/AndroidManifest.xml:85:17-84
118-->src/main/AndroidManifest.xml:85:25-81
119            </intent-filter>
120        </receiver>
121
122        <service
122-->src/main/AndroidManifest.xml:89:9-92:75
123            android:name="de.blinkt.openvpn.core.keepVPNAlive"
123-->src/main/AndroidManifest.xml:89:18-51
124            android:exported="true"
124-->src/main/AndroidManifest.xml:91:17-40
125            android:permission="android.permission.BIND_JOB_SERVICE"
125-->src/main/AndroidManifest.xml:92:17-73
126            android:process=":openvpn" />
126-->src/main/AndroidManifest.xml:90:17-43
127
128        <activity
128-->src/main/AndroidManifest.xml:95:9-109:20
129            android:name="de.blinkt.openvpn.LaunchVPN"
129-->src/main/AndroidManifest.xml:96:13-38
130            android:autoRemoveFromRecents="true"
130-->src/main/AndroidManifest.xml:97:13-49
131            android:excludeFromRecents="true"
131-->src/main/AndroidManifest.xml:98:13-46
132            android:exported="true"
132-->src/main/AndroidManifest.xml:102:13-36
133            android:label="@string/vpn_launch_title"
133-->src/main/AndroidManifest.xml:99:13-53
134            android:taskAffinity=".LaunchVPN"
134-->src/main/AndroidManifest.xml:100:13-46
135            android:theme="@style/blinkt.dialog" >
135-->src/main/AndroidManifest.xml:101:13-49
136            <intent-filter>
136-->src/main/AndroidManifest.xml:104:13-108:29
137                <action android:name="android.intent.action.MAIN" />
137-->src/main/AndroidManifest.xml:71:17-69
137-->src/main/AndroidManifest.xml:71:25-66
138
139                <category android:name="android.intent.category.DEFAULT" />
139-->src/main/AndroidManifest.xml:107:17-76
139-->src/main/AndroidManifest.xml:107:27-73
140            </intent-filter>
141        </activity>
142        <!--
143        <receiver android:name="core.GetRestrictionReceiver">
144            <intent-filter>
145                <action android:name="android.intent.action.GET_RESTRICTION_ENTRIES" />
146            </intent-filter>
147        </receiver>
148        -->
149        <activity
149-->src/main/AndroidManifest.xml:117:9-124:19
150            android:name="de.blinkt.openvpn.api.RemoteAction"
150-->src/main/AndroidManifest.xml:117:19-51
151            android:autoRemoveFromRecents="true"
151-->src/main/AndroidManifest.xml:119:17-53
152            android:excludeFromRecents="true"
152-->src/main/AndroidManifest.xml:120:17-50
153            android:launchMode="singleInstance"
153-->src/main/AndroidManifest.xml:118:17-52
154            android:noHistory="true"
154-->src/main/AndroidManifest.xml:123:17-41
155            android:taskAffinity=".LaunchVPN"
155-->src/main/AndroidManifest.xml:121:17-50
156            android:theme="@style/blinkt.dialog" />
156-->src/main/AndroidManifest.xml:122:17-53
157
158        <activity-alias
158-->src/main/AndroidManifest.xml:138:9-141:62
159            android:name="de.blinkt.openvpn.api.ResumeVPN"
159-->src/main/AndroidManifest.xml:139:17-46
160            android:exported="true"
160-->src/main/AndroidManifest.xml:140:17-40
161            android:targetActivity="de.blinkt.openvpn.api.RemoteAction" />
161-->src/main/AndroidManifest.xml:141:17-59
162        <activity-alias
162-->src/main/AndroidManifest.xml:134:9-137:62
163            android:name="de.blinkt.openvpn.api.PauseVPN"
163-->src/main/AndroidManifest.xml:135:17-45
164            android:exported="true"
164-->src/main/AndroidManifest.xml:136:17-40
165            android:targetActivity="de.blinkt.openvpn.api.RemoteAction" />
165-->src/main/AndroidManifest.xml:137:17-59
166        <activity-alias
166-->src/main/AndroidManifest.xml:130:9-133:58
167            android:name="de.blinkt.openvpn.api.DisconnectVPN"
167-->src/main/AndroidManifest.xml:131:13-46
168            android:exported="true"
168-->src/main/AndroidManifest.xml:132:13-36
169            android:targetActivity="de.blinkt.openvpn.api.RemoteAction" />
169-->src/main/AndroidManifest.xml:133:13-55
170        <activity-alias
170-->src/main/AndroidManifest.xml:126:9-129:58
171            android:name="de.blinkt.openvpn.api.ConnectVPN"
171-->src/main/AndroidManifest.xml:127:13-43
172            android:exported="true"
172-->src/main/AndroidManifest.xml:128:13-36
173            android:targetActivity="de.blinkt.openvpn.api.RemoteAction" />
173-->src/main/AndroidManifest.xml:129:13-55
174
175        <provider
175-->[androidx.profileinstaller:profileinstaller:1.3.0] AndroidManifest.xml:24:9-32:20
176            android:name="androidx.startup.InitializationProvider"
176-->[androidx.profileinstaller:profileinstaller:1.3.0] AndroidManifest.xml:25:13-67
177            android:authorities="de.blinkt.openvpn.androidx-startup"
177-->[androidx.profileinstaller:profileinstaller:1.3.0] AndroidManifest.xml:26:13-68
178            android:exported="false" >
178-->[androidx.profileinstaller:profileinstaller:1.3.0] AndroidManifest.xml:27:13-37
179            <meta-data
179-->[androidx.profileinstaller:profileinstaller:1.3.0] AndroidManifest.xml:29:13-31:52
180                android:name="androidx.profileinstaller.ProfileInstallerInitializer"
180-->[androidx.profileinstaller:profileinstaller:1.3.0] AndroidManifest.xml:30:17-85
181                android:value="androidx.startup" />
181-->[androidx.profileinstaller:profileinstaller:1.3.0] AndroidManifest.xml:31:17-49
182        </provider>
183
184        <receiver
184-->[androidx.profileinstaller:profileinstaller:1.3.0] AndroidManifest.xml:34:9-52:20
185            android:name="androidx.profileinstaller.ProfileInstallReceiver"
185-->[androidx.profileinstaller:profileinstaller:1.3.0] AndroidManifest.xml:35:13-76
186            android:directBootAware="false"
186-->[androidx.profileinstaller:profileinstaller:1.3.0] AndroidManifest.xml:36:13-44
187            android:enabled="true"
187-->[androidx.profileinstaller:profileinstaller:1.3.0] AndroidManifest.xml:37:13-35
188            android:exported="true"
188-->[androidx.profileinstaller:profileinstaller:1.3.0] AndroidManifest.xml:38:13-36
189            android:permission="android.permission.DUMP" >
189-->[androidx.profileinstaller:profileinstaller:1.3.0] AndroidManifest.xml:39:13-57
190            <intent-filter>
190-->[androidx.profileinstaller:profileinstaller:1.3.0] AndroidManifest.xml:40:13-42:29
191                <action android:name="androidx.profileinstaller.action.INSTALL_PROFILE" />
191-->[androidx.profileinstaller:profileinstaller:1.3.0] AndroidManifest.xml:41:17-91
191-->[androidx.profileinstaller:profileinstaller:1.3.0] AndroidManifest.xml:41:25-88
192            </intent-filter>
193            <intent-filter>
193-->[androidx.profileinstaller:profileinstaller:1.3.0] AndroidManifest.xml:43:13-45:29
194                <action android:name="androidx.profileinstaller.action.SKIP_FILE" />
194-->[androidx.profileinstaller:profileinstaller:1.3.0] AndroidManifest.xml:44:17-85
194-->[androidx.profileinstaller:profileinstaller:1.3.0] AndroidManifest.xml:44:25-82
195            </intent-filter>
196            <intent-filter>
196-->[androidx.profileinstaller:profileinstaller:1.3.0] AndroidManifest.xml:46:13-48:29
197                <action android:name="androidx.profileinstaller.action.SAVE_PROFILE" />
197-->[androidx.profileinstaller:profileinstaller:1.3.0] AndroidManifest.xml:47:17-88
197-->[androidx.profileinstaller:profileinstaller:1.3.0] AndroidManifest.xml:47:25-85
198            </intent-filter>
199            <intent-filter>
199-->[androidx.profileinstaller:profileinstaller:1.3.0] AndroidManifest.xml:49:13-51:29
200                <action android:name="androidx.profileinstaller.action.BENCHMARK_OPERATION" />
200-->[androidx.profileinstaller:profileinstaller:1.3.0] AndroidManifest.xml:50:17-95
200-->[androidx.profileinstaller:profileinstaller:1.3.0] AndroidManifest.xml:50:25-92
201            </intent-filter>
202        </receiver>
203    </application>
204
205</manifest>